Arguments: 
  /Users/bensonley/Library/Application Support/fnm/node-versions/v18.12.0/installation/bin/node /Users/bensonley/Library/Caches/fnm_multishells/52999_1669907442923/bin/yarn add node-fetch node-parse-html

PATH: 
  /Users/bensonley/.rvm/gems/ruby-3.0.0/bin:/Users/bensonley/.rvm/gems/ruby-3.0.0@global/bin:/Users/bensonley/.rvm/rubies/ruby-3.0.0/bin:/Users/bensonley/Library/Caches/fnm_multishells/52999_1669907442923/bin:/opt/homebrew/bin:/opt/homebrew/sbin:/usr/local/bin:/System/Cryptexes/App/usr/bin:/usr/bin:/bin:/usr/sbin:/sbin:/Users/bensonley/.rvm/bin

Yarn version: 
  1.22.19

Node version: 
  18.12.0

Platform: 
  darwin arm64

Trace: 
  Error: https://registry.yarnpkg.com/node-parse-html: Not found
      at params.callback [as _callback] (/Users/bensonley/Library/Application Support/fnm/node-versions/v18.12.0/installation/lib/node_modules/yarn/lib/cli.js:66145:18)
      at self.callback (/Users/bensonley/Library/Application Support/fnm/node-versions/v18.12.0/installation/lib/node_modules/yarn/lib/cli.js:140890:22)
      at Request.emit (node:events:513:28)
      at Request.<anonymous> (/Users/bensonley/Library/Application Support/fnm/node-versions/v18.12.0/installation/lib/node_modules/yarn/lib/cli.js:141862:10)
      at Request.emit (node:events:513:28)
      at IncomingMessage.<anonymous> (/Users/bensonley/Library/Application Support/fnm/node-versions/v18.12.0/installation/lib/node_modules/yarn/lib/cli.js:141784:12)
      at Object.onceWrapper (node:events:627:28)
      at IncomingMessage.emit (node:events:525:35)
      at endReadableNT (node:internal/streams/readable:1359:12)
      at process.processTicksAndRejections (node:internal/process/task_queues:82:21)

npm manifest: 
  {
    "name": "scrape-meta-tags",
    "version": "1.0.0",
    "main": "index.js",
    "license": "MIT"
  }

yarn manifest: 
  No manifest

Lockfile: 
  No lockfile
